         w __deregister_frame_info
         w __register_frame_info
         w userAppExit
         w userAppInit
00000000 00000401 B __ctru_dev_path_buf
00000000 b _TLS_MODULE_BASE_
00000000 a shift
00000000 a shift
00000404 00000802 B __ctru_dev_utf16_buf
00100000 A __start__
00100000 T _start
00100008 T __service_ptr
0010000c T __apt_appid
00100010 T __heap_size
00100014 T __linear_heap_size
00100018 T __system_arglist
0010001c T __system_runflags
00100020 t startup
00100058 t ClearMem
0010006c t ClrLoop
00100094 T _init
001000ac T __aeabi_idiv
001000ac 00000220 T __divsi3
001000b4 t .divsi3_skip_div0_test
001002cc 00000020 T __aeabi_idivmod
001002ec 00000004 W __aeabi_idiv0
001002ec 00000004 W __aeabi_ldiv0
001002f0 T __aeabi_ldivmod
001003c4 T __aeabi_uldivmod
00100408 00000390 T strcmp
00100790 t .udivsi3_skip_div0_test
00100790 T __aeabi_uidiv
00100790 000001ec T __udivsi3
0010097c 00000020 T __aeabi_uidivmod
0010099c T __aeabi_drsub
001009a4 000002b0 T __aeabi_dsub
001009a4 000002b0 T __subdf3
001009a8 000002ac T __adddf3
001009a8 000002ac T __aeabi_dadd
00100c54 00000024 T __aeabi_ui2d
00100c54 00000024 T __floatunsidf
00100c78 00000028 T __aeabi_i2d
00100c78 00000028 T __floatsidf
00100ca0 00000048 T __aeabi_f2d
00100ca0 00000048 T __extendsfdf2
00100ce8 00000074 T __aeabi_ul2d
00100ce8 00000074 T __floatundidf
00100cfc 00000060 T __aeabi_l2d
00100cfc 00000060 T __floatdidf
00100d5c t __do_global_dtors_aux
00100d9c t frame_dummy
00100dc8 00000120 T printTable
00100ee8 000002a0 T main
00101188 00000018 T consoleSelect
001011a0 00000178 T consoleDrawChar
00101318 00000124 T consolePrintChar
0010143c 00000a00 T con_write
00101e3c 00000168 T consoleInit
00101fa4 000000f4 t newRow
00102098 0000000c T consoleClear
001020a4 000000d0 t gfxPresentFramebuffer
00102174 0000001c T gfxIsWide
00102190 000000ec T gfxSetScreenFormat
0010227c 00000010 T gfxSetDoubleBuffering
0010228c 00000108 T gfxInit
00102394 00000010 T gfxInitDefault
001023a4 000000b4 T gfxExit
00102458 000000a0 T gfxGetFramebuffer
001024f8 0000010c T gfxFlushBuffers
00102604 00000050 T gfxSwapBuffers
00102654 00000050 T gfxSwapBuffersGpu
001026a4 00000c58 t gspHardwareInit
001032fc 00000254 T gspInit
00103550 000000f0 T gspExit
00103640 00000010 T gspHasGpuRight
00103650 00000098 T gspPresentBuffer
001036e8 00000050 T gspWaitForEvent
00103738 00000004 W gxCmdQueueInterrupt
0010373c 00000160 t gspEventThreadMain
0010389c 00000050 T GSPGPU_FlushDataCache
001038ec 00000034 T GSPGPU_SetLcdForceBlack
00103920 00000068 T GSPGPU_AcquireRight
00103988 00000048 T GSPGPU_ReleaseRight
001039d0 0000007c T GSPGPU_ImportDisplayCaptureInfo
00103a4c 0000002c T GSPGPU_SaveVramSysArea
00103a78 0000002c T GSPGPU_RestoreVramSysArea
00103aa4 000001b0 t aptConvertScreenForCapture
00103c54 00000008 W aptDspSleep
00103c5c 00000004 W aptDspWakeup
00103c60 00000004 W aptDspCancel
00103c64 0000015c T aptSendCommand
00103dc0 00000038 t aptExitProcess
00103df8 000002f0 T aptExit
001040e8 000000d8 T aptHandleSleep
001041c0 00000084 T APT_SleepIfShellClosed
00104244 00000084 T aptSetSleepAllowed
001042c8 00000084 T APT_UnlockTransition
00104350 00000484 t aptEventHandler
001047d4 000000b0 T APT_ReceiveParameter
00104884 000000b0 t aptReceiveParameter.constprop.0
00104938 000002bc t aptScreenTransfer
00104bf4 000002d0 t aptWaitForWakeUp.isra.0
00104ec4 000000f8 T aptJumpToHomeMenu
00104fbc 0000004c T aptMainLoop
00105008 00000234 T aptInit
0010523c 0000007c T APT_CheckNew3DS
001052b8 00000024 W hidShouldUseIrrst
001052dc 0000018c T hidInit
00105468 000000e8 T hidExit
00105550 00000294 T hidScanInput
001057e4 00000010 T hidKeysDown
001057f4 00000038 W __libctru_init
0010582c 000000f0 W __system_initArgv
0010591c T svcControlMemory
0010593c T svcQueryMemory
0010596c T svcExitProcess
00105974 T svcCreateThread
00105994 T svcExitThread
0010599c T svcSleepThread
001059a4 T svcReleaseMutex
001059ac T svcCreateEvent
001059c0 T svcSignalEvent
001059c8 T svcClearEvent
001059d0 T svcMapMemoryBlock
001059d8 T svcUnmapMemoryBlock
001059e0 T svcCreateAddressArbiter
001059f4 T svcArbitrateAddressNoTimeout
001059fc T svcCloseHandle
00105a04 T svcWaitSynchronization
00105a0c T svcWaitSynchronizationN
00105a34 T svcDuplicateHandle
00105a48 T svcGetSystemTick
00105a50 T svcConnectToPort
00105a64 T svcSendSyncRequest
00105a6c T svcGetResourceLimit
00105a80 T svcGetResourceLimitLimitValues
00105a88 T svcGetResourceLimitCurrentValues
00105a90 T svcBreak
00105a98 W initSystem
00105ae8 W __ctru_exit
00105b00 00000024 t addrMapNodeComparator(rbtree_node const*, rbtree_node const*)
00105b24 00000004 t addrMapNodeDestructor(rbtree_node*)
00105b28 00000114 T vramMemAlign
00105c3c 00000008 T vramAlloc
00105c44 0000005c T vramFree
00105ca0 00000024 t addrMapNodeComparator(rbtree_node const*, rbtree_node const*)
00105cc4 00000004 t addrMapNodeDestructor(rbtree_node*)
00105cc8 00000120 T linearMemAlign
00105de8 00000008 T linearAlloc
00105df0 0000005c T linearFree
00105e4c 00000084 T MemPool::CoalesceRight(MemBlock*)
00105ed0 00000170 T MemPool::Allocate(MemChunk&, unsigned long, int)
00106040 000000fc T MemPool::Deallocate(MemChunk const&)
0010613c 0000000c T __sync_init
00106148 00000018 T __sync_fini
00106160 0000002c T syncArbitrateAddress
0010618c 0000001c T LightLock_Init
001061a8 00000094 T LightLock_Lock
0010623c 00000044 T LightLock_TryLock
00106280 00000040 T LightLock_Unlock
001062c0 00000024 T RecursiveLock_Init
001062e4 00000030 T RecursiveLock_Lock
00106314 00000078 T RecursiveLock_TryLock
0010638c 00000054 T RecursiveLock_Unlock
001063e0 00000040 T LightEvent_Init
00106420 000000a4 T LightEvent_Clear
001064c4 000000c8 T LightEvent_Signal
0010658c 00000058 T LightEvent_TryWait
001065e4 000000b0 T LightEvent_Wait
00106694 00000054 T osGetTimeRef
001066e8 000000e4 T osGetTime
001067cc 00000074 T __libctru_gtod
00106840 00000034 T __ctru_speedup_config
00106874 00000124 T srvInit
00106998 00000058 T srvExit
001069f0 00000080 T srvGetServiceHandleDirect
00106a70 00000048 T srvGetServiceHandle
00106ab8 00000038 T srvPublishToSubscriber
00106af0 00000188 T threadCreate
00106c78 0000002c T threadFree
00106ca4 00000024 T threadJoin
00106cc8 00000030 T threadGetCurrent
00106cf8 00000040 T threadExit
00106d38 00000044 t _thread_begin
00106d7c 00000094 t mappableFindAddressWithin
00106e10 00000028 T mappableInit
00106e38 00000080 T mappableAlloc
00106eb8 00000004 T mappableFree
00106ebc 00000160 T irrstInit
0010701c 000000cc T irrstExit
001070e8 000000b0 T irrstScanInput
00107198 00000024 T irrstKeysHeld
001071bc 0000000c T srvPmGetSessionHandle
001071c8 00000074 T ptmSysmInit
0010723c 0000003c T ptmSysmExit
00107278 00000034 T PTMSYSM_ConfigureNew3DSCPU
001072ac 00000010 T rbtree_init
001072bc 000001a0 t do_insert
0010745c 00000008 T rbtree_insert
00107464 00000090 T rbtree_rotate
001074f4 00000338 T rbtree_remove
0010782c 00000074 T rbtree_find
001078a0 00000030 W __appInit
001078d0 00000030 t __libctru_nanosleep
00107900 00000030 t __libctru_get_reent
00107930 000000f8 T __system_initSyscalls
00107a28 000001e0 W __system_allocateHeaps
00107c08 00000030 W __appExit
00107c38 00000090 W __libctru_exit
00107cc8 00000084 W envGetHandle
00107d4c 00000050 W envDestroyHandles
00107d9c 00000014 t archive_link
00107db0 00000014 t archive_dirreset
00107dc4 00000014 t archive_chmod
00107dd8 00000024 t error_cmp
00107dfc 00000050 t archive_translate_error
00107e4c 000000d4 t archive_seek
00107f20 0000007c t _archiveInit.part.0
00107f9c 0000008c t archiveFindDevice.part.0
00108028 00000294 t archive_utf16path
001082bc 000000a0 t _archiveUnmountDeviceStruct.part.0
0010835c 00000014 t archive_fchmod
00108370 00000014 t archive_statvfs
00108384 00000158 t _archiveMountDevice
001084dc 000000e8 t archive_diropen
001085c4 000000a4 t archive_fstat
00108668 0000006c t archive_close
001086d4 0000006c t archive_fsync
00108740 00000070 t archive_dirclose
001087b0 000000e8 t sdmc_statvfs
00108898 00000080 t archive_ftruncate
00108918 000000fc t archive_chdir
00108a14 000000b0 t archive_read
00108ac4 000000ac t archive_unlink
00108b70 000000c8 t archive_rmdir
00108c38 000000ec t archive_mkdir
00108d24 000001a8 t archive_stat
00108ecc 00000184 t archive_rename
00109050 00000168 t archive_dirnext
001091b8 0000012c t archive_write
001092e4 000001f0 t archive_open
001094d4 000001a4 T archiveMountSdmc
00109678 00000054 T archiveUnmountAll
001096cc 000000c8 T fsInit
00109794 0000003c T fsExit
001097d0 00000060 T fsExemptFromSession
00109830 00000050 T fsUnexemptFromSession
00109880 000000cc T FSUSER_OpenFile
0010994c 000000bc T FSUSER_DeleteFile
00109a08 000000f8 T FSUSER_RenameFile
00109b00 000000bc T FSUSER_DeleteDirectory
00109bbc 000000d4 T FSUSER_CreateFile
00109c90 000000c4 T FSUSER_CreateDirectory
00109d54 000000f8 T FSUSER_RenameDirectory
00109e4c 000000b4 T FSUSER_OpenDirectory
00109f00 00000094 T FSUSER_OpenArchive
00109f94 0000008c T FSUSER_CloseArchive
0010a020 00000074 T FSUSER_GetSdmcArchiveResource
0010a094 00000064 T FSUSER_IsSdmcWritable
0010a0f8 00000058 T FSFILE_Read
0010a150 00000060 T FSFILE_Write
0010a1b0 00000038 T FSFILE_GetSize
0010a1e8 00000028 T FSFILE_SetSize
0010a210 0000003c T FSFILE_Close
0010a24c 00000024 T FSFILE_Flush
0010a270 00000050 T FSDIR_Read
0010a2c0 0000003c T FSDIR_Close
0010a2fc 00000050 T rbtree_node_next
0010a34c 000000e8 T utf16_to_utf8
0010a434 00000064 T decode_utf16
0010a498 0000013c T decode_utf8
0010a5d4 000000c0 T utf8_to_utf16
0010a694 T __aeabi_read_tp
0010a6a0 00000060 T encode_utf16
0010a700 000000fc T encode_utf8
0010a7fc 00000120 T __udivmoddi4
0010a91c 00000078 T bsearch
0010a994 0000000c T __errno
0010a9a0 00000034 T exit
0010a9d4 0000003c T __libc_fini_array
0010aa10 0000007c T __libc_init_array
0010aa8c 00000034 T iprintf
0010aac0 00000028 T memalign
0010aae8 00000150 T _memalign_r
0010ac38 00000020 T malloc
0010ac58 00000020 T free
0010ac78 000007e0 T _malloc_r
0010b458 000000e0 T memchr
0010b538 0000011c T memcpy
0010b654 00000118 T memset
0010b76c 0000000c T __malloc_lock
0010b778 0000000c T __malloc_unlock
0010b784 00000034 T printf
0010b7b8 00000024 T putchar
0010b7dc 000000dc T _putc_r
0010b8b8 000000e0 T _puts_r
0010b998 00000020 T puts
0010b9b8 00000260 T setvbuf
0010bc18 00000074 T sscanf
0010bc8c 00000044 T __sread
0010bcd0 00000008 T __seofread
0010bcd8 00000068 T __swrite
0010bd40 00000048 T __sseek
0010bd88 00000008 T __sclose
0010bd90 0000005c T strlen
0010bdec 000000ec T strncat
0010bed8 000000dc T strncmp
0010bfb4 000000c0 T strncpy
0010c074 00000048 T strnlen
0010c0bc 00000050 t get_arg
0010c10c 00002bbc T __ssvfscanf_r
0010ecc8 00000628 t get_arg
0010f2f0 00000030 T __sprint_r
0010f320 0000233c T _vfiprintf_r
0011165c 000000d4 t __sbprintf
00111730 00000628 t get_arg
00111d58 00003684 T _vfprintf_r
001153dc 000000d4 t __sbprintf
001154b0 00000108 T __swbuf_r
001155b8 00000054 T _wcrtomb_r
0011560c 00000028 T _wcsrtombs_r
00115634 00000154 T __swsetup_r
00115788 00000114 T __call_exitprocs
0011589c 000001ac t quorem
00115a48 000012cc T _dtoa_r
00116d14 00000258 T __sflush_r
00116f6c 00000094 T _fflush_r
00117000 0000000c T _cleanup_r
0011700c 00000184 T __sinit
00117190 0000000c T __sfp_lock_acquire
0011719c 0000000c T __sfp_lock_release
001171a8 000000f8 T _malloc_trim_r
001172a0 000002e4 T _free_r
00117584 000004c0 T __sfvwrite_r
00117a44 00000070 T _fwalk_reent
00117ab4 00000008 T iswspace
00117abc 0000000c T _localeconv_r
00117ac8 00000010 T __locale_mb_cur_max
00117ad8 00000138 T __smakebuf_r
00117c10 0000008c T __swhatbuf_r
00117c9c 00000068 T _mbrtowc_r
00117d04 000002e4 T __utf8_mbtowc
00117fe8 00000154 T memmove
0011813c 00000088 T _Balloc
001181c4 0000001c T _Bfree
001181e0 000000f4 T __multadd
001182d4 00000110 T __s2b
001183e4 00000058 T __hi0bits
0011843c 00000094 T __lo0bits
001184d0 000000a4 T __i2b
00118574 00000204 T __multiply
00118778 00000120 T __pow5mult
00118898 0000013c T __lshift
001189d4 00000058 T __mcmp
00118a2c 000001cc T __mdiff
00118bf8 00000074 T __ulp
00118c6c 000000d0 T __b2d
00118d3c 00000124 T __d2b
00118e60 00000078 T __ratio
00118ed8 00000088 T __copybits
00118f60 0000005c T __any_on
00118fbc 00000028 T realloc
00118fe4 00000558 T _realloc_r
0011953c 000000e4 T __sccl
00119620 0000000c T nanf
00119630 000000a8 T frexp
001196d8 00000064 T sprintf
0011973c 000000b8 T stpncpy
001197f4 0000012c T strchr
00119920 00001368 T _strtod_l
0011ac88 0000000c T _strtod_r
0011ac94 0000022c t _strtoll_l.constprop.0
0011aec0 00000004 T _strtoll_r
0011aec4 000001a4 t _strtol_l.part.0
0011b068 0000003c T _strtol_r
0011b0a4 00000244 t _strtoull_l.constprop.0
0011b2e8 00000004 T _strtoull_r
0011b2ec 000001c4 t _strtoul_l.constprop.0
0011b4b0 00000004 T _strtoul_r
0011b4b4 00000190 T __ssprint_r
0011b644 000000e0 T _sungetc_r
0011b724 0000006c T __ssrefill_r
0011b790 000000c8 T _sfread_r
0011b858 00000628 t get_arg
0011be80 000035b8 T _svfprintf_r
0011f438 000000a8 T __submore
0011f4e0 00000190 T _wcsnrtombs_l
0011f670 0000004c T _wcsnrtombs_r
0011f6bc 000000f0 T __utf8_wctomb
0011f7ac 00000054 T __assert_func
0011f800 000000bc T _calloc_r
0011f8bc 00000160 T _fclose_r
0011fa1c 0000003c T fiprintf
0011fa58 000000ec t rshift
0011fb44 00000904 T __gethex
00120448 0000004c T __match
00120494 0000029c T __hexnan
00120730 0000003c T iswspace_l
0012076c 000001d4 t __jp2uc
00120940 0000009c T _jp2uc_l
001209e0 00000010 T nan
001209f0 00000014 T abort
00120a04 00000084 T category
00120a88 00000098 T _raise_r
00120b20 00000020 T raise
00120b40 00000008 t null_write
00120b48 00000018 T setDefaultDevice
00120b60 000000c8 T FindDevice
00120c28 00000028 T RemoveDevice
00120c50 0000009c T AddDevice
00120cec 00000020 T GetDeviceOpTab
00120d0c 00000078 T _fstat_r
00120d84 00000014 T _getpid_r
00120d98 00000008 T _isatty_r
00120da0 00000014 T _kill_r
00120db4 00000084 T _lseek_r
00120e38 00000080 T _read_r
00120eb8 00000078 T _sbrk_r
00120f30 00000080 T _write_r
00120fb0 00000024 T _exit
00120fd4 000001b8 T _concatenate_path
0012118c 00000160 T chdir
001212ec 00000008 T __flockfile
001212f4 00000008 T __funlockfile
001212fc 00000018 T __libc_lock_acquire
00121314 00000018 T __libc_lock_release
0012132c 00000018 T __libc_lock_init_recursive
00121344 00000018 T __libc_lock_acquire_recursive
0012135c 00000018 T __libc_lock_release_recursive
00121374 00000018 T __libc_lock_close_recursive
0012138c 0000003c T __get_handle
001213c8 000000f4 T _close_r
001214bc 00000028 T __getreent
001214e4 00000038 T __aeabi_d2lz
001214e4 00000038 T __fixdfdi
00121520 00000040 T __aeabi_d2ulz
00121520 00000040 T __fixunsdfdi
00121560 00000044 T strrchr
001215a4 T _fini
001221c8 00000030 r colorTable
001221f8 00000070 r dotab_stdout
0012228c 00000008 r morton_x.3
00122294 00000008 r morton_y.2
0012229c 00000008 r s_sleepWakeEvents.4
001222bc R default_font_bin
00122abc R default_font_bin_end
00122af4 00000070 r archive_devoptab
00122b64 00000030 r error_table
00122b9c 00000004 R _global_impure_ptr
00122ba8 00000022 r basefix.0
00122bf4 00000010 r blanks.1
00122c04 00000010 r zeroes.0
00122c28 00000010 r blanks.1
00122c38 00000010 r zeroes.0
00122c48 00000101 R _ctype_
00122d5c r .LC2
00122e38 00000028 R __mprec_bigtens
00122e60 000000c8 R __mprec_tens
00122f28 0000000c r p05.0
00122f44 00000014 r fpi.1
00122f58 00000014 r fpinan.0
00122f70 00000028 r tinytens
00122f98 0000006c R __action_table
00123004 00000100 R __chclass
00123104 0000006c R __state_table
00123170 00000010 r blanks.1
00123180 00000010 r zeroes.0
00123218 00000100 R __hexdig
0012332c 000000bc r a1
001233e8 000000bc r a2
001234a4 0000005b r a3
00123500 00000070 r a6
00123570 000000a2 r a7
00123614 00000040 r a8
00123654 0000172a r b02cf
00124d80 00001a7c r d02f4
001267fc 0000000c R _C_numeric_locale
00126808 000031e6 r categories
001299f0 00000070 R dotab_stdnull
00129a60 r 
00129a60 R __exidx_end
00129a60 R __exidx_start
0012a000 00000004 D currentConsole
0012a004 0000004c D defaultConsole
0012a050 00000001 d firstConsoleInit.0
0012a054 00000004 d kCount
0012a058 00000004 d kDelay
0012a05c 00000004 d kInterval
0012a060 W __stacksize__
0012a064 00000004 D _impure_ptr
0012a068 00000460 d impure_data
0012a4c8 00000408 D __malloc_av_
0012a8d0 00000004 D __malloc_sbrk_base
0012a8d4 00000004 D __malloc_trim_threshold
0012a8d8 0000000c d __malloc_recursive_mutex
0012a8e4 0000000c D __atexit_recursive_mutex
0012a8f0 0000000c d __sfp_recursive_mutex
0012a8fc 0000000c d __sinit_recursive_mutex
0012a908 0000016c D __global_locale
0012aa74 00000002 d numempty
0012aa78 00000004 d defaultDevice
0012aa7c 0000008c D devoptab_list
0012ab08 00000400 d _current_working_directory
0012af08 00000004 d __hndl_lock
0012af0c 0000000c d __stderr_handle
0012af18 0000000c d __stdin_handle
0012af24 0000000c d __stdout_handle
0012af30 00001000 d handles
0012bf38 d _GLOBAL_OFFSET_TABLE_
0012bf44 d __frame_dummy_init_array_entry
0012bf44 D __init_array_start
0012bf44 B __preinit_array_end
0012bf44 B __preinit_array_start
0012bf44 D __tdata_lma
0012bf44 D __tdata_lma_end
0012bf48 d __do_global_dtors_aux_fini_array_entry
0012bf48 D __fini_array_start
0012bf48 D __init_array_end
0012bf4c D __bss_start__
0012bf4c D __fini_array_end
0012bf4c b completed.1
0012bf50 b object.0
0012bf68 0000004c B currentCopy
0012bfb4 00000004 b gfxBottomFramebufferMaxSize
0012bfb8 00000008 b gfxBottomFramebuffers
0012bfc0 00000002 b gfxCurBuf
0012bfc4 00000002 b gfxFramebufferFormats
0012bfc8 00000002 b gfxIsDoubleBuf
0012bfca 00000001 b gfxIsVram
0012bfcc 00000004 b gfxTopFramebufferMaxSize
0012bfd0 00000008 b gfxTopFramebuffers
0012bfd8 00000001 b gfxTopMode
0012bfdc 00000004 b screenAlloc
0012bfe0 00000004 b screenFree
0012bfe4 00000004 b gspEvent
0012bfe8 0000001c b gspEventCb
0012c004 0000001c b gspEventCbData
0012c020 00000007 b gspEventCbOneShot
0012c028 00000004 b gspEventThread
0012c02c 00000038 b gspEvents
0012c064 00000004 b gspGpuHandle
0012c068 00000001 b gspGpuRight
0012c06c 00000004 b gspLastEvent
0012c070 00000004 b gspRefCount
0012c074 00000001 b gspRunEvents
0012c078 00000004 b gspSharedMem
0012c07c 00000004 b gspSharedMemHandle
0012c080 00000001 b gspThreadId
0012c081 00000001 b aptChainloadFlags
0012c082 00000001 b aptChainloadMediatype
0012c088 00000008 b aptChainloadTid
0012c090 00000004 b aptEventHandlerThread
0012c094 00000001 b aptEventHandlerThreadQuit
0012c098 00000008 b aptEvents
0012c0a0 0000000c b aptFirstHook
0012c0ac 00000004 b aptFlags
0012c0b0 00000001 b aptHomeButtonState
0012c0b4 00000004 b aptLockHandle
0012c0b8 00000004 b aptMessageFunc
0012c0bc 00000004 b aptMessageFuncData
0012c0c0 00001000 b aptParameters
0012d0c0 00000008 b aptReceiveEvent
0012d0c8 00000004 b aptRefCount
0012d0cc 00000008 b aptSleepEvent
0012d0d4 00000001 b flagInit.1
0012d0d5 00000001 b flagValue.0
0012d0d8 00000004 b serviceName.6
0012d0dc 00000006 b aVec
0012d0e4 00000004 b cPos
0012d0e8 00000006 b gRate
0012d0f0 00000014 B hidEvents
0012d104 00000004 B hidHandle
0012d108 00000004 B hidMemHandle
0012d10c 00000004 b hidRefCount
0012d110 00000004 B hidSharedMem
0012d114 00000004 b kDown
0012d118 00000004 b kHeld
0012d11c 00000004 b kOld
0012d120 00000004 b kRepeat
0012d124 00000004 b kUp
0012d128 00000004 b tPos
0012d12c 00000001 b usingIrrst
0012d130 00000004 B __system_retAddr
0012d134 00000004 B __system_argc
0012d138 00000004 B __system_argv
0012d13c b saved_stack
0012d144 0000000c b sAddrMap
0012d150 00000008 b sVramPool
0012d158 00000008 b sLinearPool
0012d160 0000000c b sAddrMap
0012d16c 00000004 b arbiter
0012d170 00000001 V __ctru_speedup
0012d174 00000004 b srvHandle
0012d178 00000004 b srvRefCount
0012d17c 00000004 b currentAddr
0012d180 00000004 b maxAddr
0012d184 00000004 b minAddr
0012d188 00000004 b csPos
0012d18c 00000004 B irrstEvent
0012d190 00000004 B irrstHandle
0012d194 00000004 B irrstMemHandle
0012d198 00000004 b irrstRefCount
0012d19c 00000004 B irrstSharedMem
0012d1a0 00000004 b kHeld
0012d1a4 00000004 b srvPmHandle
0012d1a8 00000004 b ptmSysmHandle
0012d1ac 00000004 b ptmSysmRefCount
0012d1b0 00000004 B __ctru_heap
0012d1b4 00000004 V __ctru_heap_size
0012d1b8 00000004 B __ctru_linear_heap
0012d1bc 00000004 V __ctru_linear_heap_size
0012d1c0 00000004 b archive_device_cwd
0012d1c8 00000540 b archive_devices
0012d708 00000001 b archive_initialized
0012d710 00000080 b fsExemptArchives
0012d790 00000004 b fsuHandle
0012d794 00000004 b fsuRefCount
0012d798 00000028 B __malloc_current_mallinfo
0012d7c0 00000004 B __malloc_max_sbrked_mem
0012d7c4 00000004 B __malloc_max_total_mem
0012d7c8 00000004 B __malloc_top_pad
0012d7cc 00000004 b heap_start.0
0012d7d0 00000004 B fake_heap_end
0012d7d4 00000004 B fake_heap_start
0012d7d8 00000400 b temp_cwd
0012dbd8 00000048 B __syscalls
0012dc20 B __tls_start
0012e828 B __bss_end__
0012e828 A __end__
0012e828 B __tls_end
